<?xml version="1.0" encoding="UTF-8"?>
<!-- Generated by org.testng.reporters.JUnitReportReporter -->
<testsuite hostname="sgr" failures="0" tests="1" name="executerScripts.DashboardScript" time="2.871" errors="0" timestamp="2022-02-11T13:58:51 IST" skipped="0">
  <testcase classname="executerScripts.DashboardScript" name="dashBoard" time="2.871"/>
  <system-out/>
</testsuite> <!-- executerScripts.DashboardScript -->
