<?xml version="1.0" encoding="UTF-8"?>
<!-- Generated by org.testng.reporters.JUnitReportReporter -->
<testsuite hostname="sgr" failures="0" tests="1" name="executerScripts.ContentNoteScript" time="8.571" errors="0" timestamp="2022-02-13T10:27:36 IST" skipped="0">
  <testcase classname="executerScripts.ContentNoteScript" name="contentNewNote" time="8.571"/>
  <system-out/>
</testsuite> <!-- executerScripts.ContentNoteScript -->
