<?xml version="1.0" encoding="UTF-8"?>
<!-- Generated by org.testng.reporters.JUnitReportReporter -->
<testsuite hostname="sgr" failures="0" tests="1" name="executerScripts.DashboardScript" time="6.724" errors="0" timestamp="2022-02-13T10:27:36 IST" skipped="0">
  <testcase classname="executerScripts.DashboardScript" name="dashBoard" time="6.724"/>
  <system-out/>
</testsuite> <!-- executerScripts.DashboardScript -->
