<?xml version="1.0" encoding="UTF-8"?>
<!-- Generated by org.testng.reporters.JUnitReportReporter -->
<testsuite hostname="sgr" failures="0" tests="1" name="executerScripts.DashboardScript" time="7.224" errors="0" timestamp="2022-02-09T15:47:49 IST" skipped="0">
  <testcase classname="executerScripts.DashboardScript" name="dashBoard" time="7.224"/>
  <system-out/>
</testsuite> <!-- executerScripts.DashboardScript -->
