<?xml version="1.0" encoding="UTF-8"?>
<!-- Generated by org.testng.reporters.JUnitReportReporter -->
<testsuite hostname="sgr" failures="0" tests="1" name="executerScripts.ContactScript" time="12.018" errors="0" timestamp="2022-02-13T10:27:36 IST" skipped="0">
  <testcase classname="executerScripts.ContactScript" name="contact" time="12.018"/>
  <system-out/>
</testsuite> <!-- executerScripts.ContactScript -->
