<?xml version="1.0" encoding="UTF-8"?>
<!-- Generated by org.testng.reporters.JUnitReportReporter -->
<testsuite hostname="sgr" failures="0" tests="1" name="salesforcePagesTestScripts.DashboardScript" time="3.443" errors="0" timestamp="2022-02-13T14:49:32 IST" skipped="0">
  <testcase classname="salesforcePagesTestScripts.DashboardScript" name="dashBoard" time="3.443"/>
  <system-out/>
</testsuite> <!-- salesforcePagesTestScripts.DashboardScript -->
