<?xml version="1.0" encoding="UTF-8"?>
<!-- Generated by org.testng.reporters.JUnitReportReporter -->
<testsuite hostname="sgr" failures="0" tests="1" name="executerScripts.TasksScript" time="11.710" errors="0" timestamp="2022-02-11T13:58:51 IST" skipped="0">
  <testcase classname="executerScripts.TasksScript" name="createNewTask" time="11.710"/>
  <system-out/>
</testsuite> <!-- executerScripts.TasksScript -->
