<?xml version="1.0" encoding="UTF-8"?>
<!-- Generated by org.testng.reporters.JUnitReportReporter -->
<testsuite hostname="sgr" failures="0" tests="1" name="salesforcePagesTestScripts.ContactScript" time="15.117" errors="0" timestamp="2022-02-14T12:18:13 IST" skipped="0">
  <testcase classname="salesforcePagesTestScripts.ContactScript" name="contact" time="15.117"/>
  <system-out/>
</testsuite> <!-- salesforcePagesTestScripts.ContactScript -->
