<?xml version="1.0" encoding="UTF-8"?>
<!-- Generated by org.testng.reporters.JUnitReportReporter -->
<testsuite hostname="sgr" failures="0" tests="1" name="executerScripts.AccountScript" time="15.036" errors="0" timestamp="2022-02-11T13:58:51 IST" skipped="0">
  <testcase classname="executerScripts.AccountScript" name="account" time="15.036"/>
  <system-out/>
</testsuite> <!-- executerScripts.AccountScript -->
