<?xml version="1.0" encoding="UTF-8"?>
<!-- Generated by org.testng.reporters.JUnitReportReporter -->
<testsuite hostname="sgr" failures="0" tests="1" name="salesforcePagesTestScripts.HomepageScript" time="8.967" errors="0" timestamp="2022-02-14T12:18:12 IST" skipped="0">
  <testcase classname="salesforcePagesTestScripts.HomepageScript" name="dashBoard" time="8.967"/>
  <system-out/>
</testsuite> <!-- salesforcePagesTestScripts.HomepageScript -->
