<?xml version="1.0" encoding="UTF-8"?>
<!-- Generated by org.testng.reporters.JUnitReportReporter -->
<testsuite hostname="sgr" failures="0" tests="1" name="executerScripts.DashboardScript" time="6.250" errors="0" timestamp="2022-02-11T17:52:09 IST" skipped="0">
  <testcase classname="executerScripts.DashboardScript" name="dashBoard" time="6.250"/>
  <system-out/>
</testsuite> <!-- executerScripts.DashboardScript -->
